0 info it worked if it ends with ok
1 verbose cli [ '/usr/local/bin/node', '/usr/local/bin/npm', 'start' ]
2 info using npm@3.10.10
3 info using node@v6.11.0
4 verbose run-script [ 'prestart', 'start', 'poststart' ]
5 info lifecycle sandbox@0.0.0~prestart: sandbox@0.0.0
6 silly lifecycle sandbox@0.0.0~prestart: no script for prestart, continuing
7 info lifecycle sandbox@0.0.0~start: sandbox@0.0.0
8 verbose lifecycle sandbox@0.0.0~start: unsafe-perm in lifecycle true
9 verbose lifecycle sandbox@0.0.0~start: PATH: /usr/local/lib/node_modules/npm/bin/node-gyp-bin:/Users/Jeffery/omi-summer-2017/protos/sandbox/node_modules/.bin:/Users/Jeffery/flutter/bin:/usr/local/bin:/usr/lib:/usr/include:/Library/Frameworks/Python.framework/Versions/2.7/bin:/usr/local/opt/llvm/bin:/usr/local/Cellar/sip/4.19/lib/python3.6/site-packages/sipdistutils.py:/usr/local/Cellar/pyqt5/5.7.1_1/share/sip/Qt5/QtCore:/Users/Jeffery/.rvm/gems/ruby-2.3.3/bin:/Users/Jeffery/.rvm/gems/ruby-2.3.3@global/bin:/Users/Jeffery/.rvm/rubies/ruby-2.3.3/bin:/usr/lib:/usr/include:/usr/local/opt/llvm/bin:/Library/Frameworks/Python.framework/Versions/3.4/bin:/opt/local/bin:/opt/local/sbin:/usr/bin:/bin:/usr/sbin:/sbin:/usr/local/bin:/opt/X11/bin:Applications/clojure:/Library/TeX/texbin:/Users/Jeffery/bin:/Users/Jeffery/.rvm/bin
10 verbose lifecycle sandbox@0.0.0~start: CWD: /Users/Jeffery/omi-summer-2017/protos/sandbox
11 silly lifecycle sandbox@0.0.0~start: Args: [ '-c', 'node ./bin/www' ]
12 silly lifecycle sandbox@0.0.0~start: Returned: code: 1  signal: null
13 info lifecycle sandbox@0.0.0~start: Failed to exec start script
14 verbose stack Error: sandbox@0.0.0 start: `node ./bin/www`
14 verbose stack Exit status 1
14 verbose stack     at EventEmitter.<anonymous> (/usr/local/lib/node_modules/npm/lib/utils/lifecycle.js:255:16)
14 verbose stack     at emitTwo (events.js:106:13)
14 verbose stack     at EventEmitter.emit (events.js:191:7)
14 verbose stack     at ChildProcess.<anonymous> (/usr/local/lib/node_modules/npm/lib/utils/spawn.js:40:14)
14 verbose stack     at emitTwo (events.js:106:13)
14 verbose stack     at ChildProcess.emit (events.js:191:7)
14 verbose stack     at maybeClose (internal/child_process.js:891:16)
14 verbose stack     at Process.ChildProcess._handle.onexit (internal/child_process.js:226:5)
15 verbose pkgid sandbox@0.0.0
16 verbose cwd /Users/Jeffery/omi-summer-2017/protos/sandbox
17 error Darwin 16.6.0
18 error argv "/usr/local/bin/node" "/usr/local/bin/npm" "start"
19 error node v6.11.0
20 error npm  v3.10.10
21 error code ELIFECYCLE
22 error sandbox@0.0.0 start: `node ./bin/www`
22 error Exit status 1
23 error Failed at the sandbox@0.0.0 start script 'node ./bin/www'.
23 error Make sure you have the latest version of node.js and npm installed.
23 error If you do, this is most likely a problem with the sandbox package,
23 error not with npm itself.
23 error Tell the author that this fails on your system:
23 error     node ./bin/www
23 error You can get information on how to open an issue for this project with:
23 error     npm bugs sandbox
23 error Or if that isn't available, you can get their info via:
23 error     npm owner ls sandbox
23 error There is likely additional logging output above.
24 verbose exit [ 1, true ]
